{
  "stats": {
    "suites": 12,
    "tests": 41,
    "passes": 26,
    "pending": 0,
    "failures": 15,
    "start": "2022-05-26T22:46:30.711Z",
    "end": "2022-05-26T22:48:05.620Z",
    "duration": 94909,
    "testsRegistered": 41,
    "passPercent": 63.41463414634146,
    "pendingPercent": 0,
    "other": 0,
    "hasOther": false,
    "skipped": 0,
    "hasSkipped": false
  },
  "results": [
    {
      "uuid": "36113707-d7be-465f-9e8f-b4f6e94d2f0e",
      "title": "",
      "fullFile": "cypress/integration/project.spec.js",
      "file": "cypress/integration/project.spec.js",
      "beforeHooks": [],
      "afterHooks": [],
      "tests": [],
      "suites": [
        {
          "uuid": "3e4104d6-193b-47d5-a336-75dc1ea3cd3d",
          "title": "1 - Adicione à página o título \"Paleta de Cores\".",
          "fullFile": "",
          "file": "",
          "beforeHooks": [],
          "afterHooks": [],
          "tests": [
            {
              "title": "Verifica se contém um elemento `h1` com o id `title` com o título correto",
              "fullTitle": "1 - Adicione à página o título \"Paleta de Cores\". Verifica se contém um elemento `h1` com o id `title` com o título correto",
              "timedOut": null,
              "duration": 414,
              "state": "passed",
              "speed": "slow",
              "pass": true,
              "fail": false,
              "pending": false,
              "context": null,
              "code": "cy.get('h1#title').should('contain.text', 'Paleta de Cores');",
              "err": {},
              "uuid": "c745378d-c8df-44d2-805a-5d5e82f3bda1",
              "parentUUID": "3e4104d6-193b-47d5-a336-75dc1ea3cd3d",
              "isHook": false,
              "skipped": false
            }
          ],
          "suites": [],
          "passes": [
            "c745378d-c8df-44d2-805a-5d5e82f3bda1"
          ],
          "failures": [],
          "pending": [],
          "skipped": [],
          "duration": 414,
          "root": false,
          "rootEmpty": false,
          "_timeout": 2000
        },
        {
          "uuid": "16b6cb83-fe31-4c47-abc9-a781bb9bed00",
          "title": "2 - Adicione à página uma paleta de quatro cores distintas.",
          "fullFile": "",
          "file": "",
          "beforeHooks": [],
          "afterHooks": [],
          "tests": [
            {
              "title": "A paleta de cores deve ser um elemento com `id` denominado `color-palette` e ter mais de 0px de altura e de largura.",
              "fullTitle": "2 - Adicione à página uma paleta de quatro cores distintas. A paleta de cores deve ser um elemento com `id` denominado `color-palette` e ter mais de 0px de altura e de largura.",
              "timedOut": null,
              "duration": 349,
              "state": "passed",
              "speed": "slow",
              "pass": true,
              "fail": false,
              "pending": false,
              "context": null,
              "code": "cy.get('#color-palette').should('be.visible');\ncy.get('#color-palette').children('.color');",
              "err": {},
              "uuid": "53153760-2226-430c-92ee-0ee43f555233",
              "parentUUID": "16b6cb83-fe31-4c47-abc9-a781bb9bed00",
              "isHook": false,
              "skipped": false
            },
            {
              "title": "Verifica se cada cor individual da paleta de cores possui a `classe` chamada `color`.",
              "fullTitle": "2 - Adicione à página uma paleta de quatro cores distintas. Verifica se cada cor individual da paleta de cores possui a `classe` chamada `color`.",
              "timedOut": null,
              "duration": 347,
              "state": "passed",
              "speed": "slow",
              "pass": true,
              "fail": false,
              "pending": false,
              "context": null,
              "code": "cy.get('.color').should('have.length', 4).then(function (colors) {\n  for (var i = 0; i < colors.length; i++) {\n    cy.wrap(colors[i]).should('be.visible');\n  }\n});",
              "err": {},
              "uuid": "c995c704-658a-426c-a60c-447b9cdafaac",
              "parentUUID": "16b6cb83-fe31-4c47-abc9-a781bb9bed00",
              "isHook": false,
              "skipped": false
            },
            {
              "title": "Verifica se a cor de fundo de cada elemento da paleta é a cor que o elemento representa. **A única cor não permitida na paleta é a cor branca.**",
              "fullTitle": "2 - Adicione à página uma paleta de quatro cores distintas. Verifica se a cor de fundo de cada elemento da paleta é a cor que o elemento representa. **A única cor não permitida na paleta é a cor branca.**",
              "timedOut": null,
              "duration": 407,
              "state": "passed",
              "speed": "slow",
              "pass": true,
              "fail": false,
              "pending": false,
              "context": null,
              "code": "cy.get('.color').each(function (color) {\n  cy.wrap(color).should('have.class', 'color').and('not.have.css', 'background-color', WHITE);\n  cy.wrap(color).should('have.css', 'background-color');\n});",
              "err": {},
              "uuid": "4586e3ef-1ac9-40e3-9b9e-795fae6ff4f3",
              "parentUUID": "16b6cb83-fe31-4c47-abc9-a781bb9bed00",
              "isHook": false,
              "skipped": false
            },
            {
              "title": "Verifica se cada elemento da paleta de cores tem uma borda preta, sólida e com 1 pixel de largura;",
              "fullTitle": "2 - Adicione à página uma paleta de quatro cores distintas. Verifica se cada elemento da paleta de cores tem uma borda preta, sólida e com 1 pixel de largura;",
              "timedOut": null,
              "duration": 228,
              "state": "passed",
              "speed": "slow",
              "pass": true,
              "fail": false,
              "pending": false,
              "context": null,
              "code": "cy.get('.color').each(function (color) {\n  cy.wrap(color).and('have.css', 'border', \"1px solid \".concat(BLACK)).and('have.class', 'color');\n});",
              "err": {},
              "uuid": "b22f549f-14b0-4071-ae6e-518a21399cdc",
              "parentUUID": "16b6cb83-fe31-4c47-abc9-a781bb9bed00",
              "isHook": false,
              "skipped": false
            },
            {
              "title": "Verifica se a paleta lista todas as cores disponíveis para utilização, lado a lado.",
              "fullTitle": "2 - Adicione à página uma paleta de quatro cores distintas. Verifica se a paleta lista todas as cores disponíveis para utilização, lado a lado.",
              "timedOut": null,
              "duration": 288,
              "state": "passed",
              "speed": "slow",
              "pass": true,
              "fail": false,
              "pending": false,
              "context": null,
              "code": "cy.get('.color').then(function (colors) {\n  for (var index = 1; index < colors.length; index += 1) {\n    var currentColor = colors[index];\n    var previousColor = colors[index - 1];\n    cy.wrap(currentColor).should('be.onTheRightOf', previousColor).and('be.horizontallyAlignedWith', previousColor);\n  }\n});",
              "err": {},
              "uuid": "dfe3b6dc-2f13-42fd-8bb8-af97441b23f9",
              "parentUUID": "16b6cb83-fe31-4c47-abc9-a781bb9bed00",
              "isHook": false,
              "skipped": false
            },
            {
              "title": "Verifica se a paleta de cores está posicionada abaixo do título 'Paleta de Cores'",
              "fullTitle": "2 - Adicione à página uma paleta de quatro cores distintas. Verifica se a paleta de cores está posicionada abaixo do título 'Paleta de Cores'",
              "timedOut": null,
              "duration": 286,
              "state": "passed",
              "speed": "slow",
              "pass": true,
              "fail": false,
              "pending": false,
              "context": null,
              "code": "cy.get('h1#title').then(function (title) {\n  cy.get('#color-palette').should('be.belowOf', title);\n});",
              "err": {},
              "uuid": "db50befa-0ec4-41e7-9297-10c7d55fd1bb",
              "parentUUID": "16b6cb83-fe31-4c47-abc9-a781bb9bed00",
              "isHook": false,
              "skipped": false
            },
            {
              "title": "Verifica se a paleta de cores não contém cores repetidas.",
              "fullTitle": "2 - Adicione à página uma paleta de quatro cores distintas. Verifica se a paleta de cores não contém cores repetidas.",
              "timedOut": null,
              "duration": 241,
              "state": "passed",
              "speed": "slow",
              "pass": true,
              "fail": false,
              "pending": false,
              "context": null,
              "code": "cy.get('.color').then(function (colors) {\n  var allColors = Array.from(colors).map(function (color) {\n    return Cypress.$(color).css('background-color');\n  });\n  cy.log(allColors);\n  var uniqColors = (0, _toConsumableArray2[\"default\"])(new Set(allColors));\n  cy.log(uniqColors);\n  expect(allColors.length).to.eq(uniqColors.length);\n});",
              "err": {},
              "uuid": "c324c2f8-323e-450c-818b-02d4f5258ba3",
              "parentUUID": "16b6cb83-fe31-4c47-abc9-a781bb9bed00",
              "isHook": false,
              "skipped": false
            }
          ],
          "suites": [],
          "passes": [
            "53153760-2226-430c-92ee-0ee43f555233",
            "c995c704-658a-426c-a60c-447b9cdafaac",
            "4586e3ef-1ac9-40e3-9b9e-795fae6ff4f3",
            "b22f549f-14b0-4071-ae6e-518a21399cdc",
            "dfe3b6dc-2f13-42fd-8bb8-af97441b23f9",
            "db50befa-0ec4-41e7-9297-10c7d55fd1bb",
            "c324c2f8-323e-450c-818b-02d4f5258ba3"
          ],
          "failures": [],
          "pending": [],
          "skipped": [],
          "duration": 2146,
          "root": false,
          "rootEmpty": false,
          "_timeout": 2000
        },
        {
          "uuid": "cc285cc0-f613-4864-b4ae-0e979dfa852e",
          "title": "3 - Adicione a cor **preta** como a primeira cor da paleta de cores.",
          "fullFile": "",
          "file": "",
          "beforeHooks": [],
          "afterHooks": [],
          "tests": [
            {
              "title": "Verifica se a primeira cor da paleta é preta",
              "fullTitle": "3 - Adicione a cor **preta** como a primeira cor da paleta de cores. Verifica se a primeira cor da paleta é preta",
              "timedOut": null,
              "duration": 174,
              "state": "passed",
              "speed": "slow",
              "pass": true,
              "fail": false,
              "pending": false,
              "context": null,
              "code": "cy.get('.color').first().should('have.css', 'background-color', BLACK);",
              "err": {},
              "uuid": "5cda89ff-0845-4345-8bd8-beab66c03db0",
              "parentUUID": "cc285cc0-f613-4864-b4ae-0e979dfa852e",
              "isHook": false,
              "skipped": false
            },
            {
              "title": "Verifica se as demais cores podem ser escolhidas livremente.",
              "fullTitle": "3 - Adicione a cor **preta** como a primeira cor da paleta de cores. Verifica se as demais cores podem ser escolhidas livremente.",
              "timedOut": null,
              "duration": 355,
              "state": "passed",
              "speed": "slow",
              "pass": true,
              "fail": false,
              "pending": false,
              "context": null,
              "code": "cy.get('.color').eq(1).should('not.have.css', 'background-color', BLACK);\ncy.get('.color').eq(1).should('not.have.css', 'background-color', WHITE);\ncy.get('.color').eq(1).should('not.have.css', 'background-color', 'rgba(0, 0, 0, 0)');\ncy.get('.color').eq(1).should('have.css', 'background-color');\ncy.get('.color').eq(2).should('not.have.css', 'background-color', BLACK);\ncy.get('.color').eq(2).should('not.have.css', 'background-color', WHITE);\ncy.get('.color').eq(2).should('not.have.css', 'background-color', 'rgba(0, 0, 0, 0)');\ncy.get('.color').eq(2).should('have.css', 'background-color');\ncy.get('.color').eq(3).should('not.have.css', 'background-color', BLACK);\ncy.get('.color').eq(3).should('not.have.css', 'background-color', WHITE);\ncy.get('.color').eq(3).should('not.have.css', 'background-color', 'rgba(0, 0, 0, 0)');\ncy.get('.color').eq(3).should('have.css', 'background-color');",
              "err": {},
              "uuid": "c9f69f2c-c172-43ef-bf04-329b6d4eae55",
              "parentUUID": "cc285cc0-f613-4864-b4ae-0e979dfa852e",
              "isHook": false,
              "skipped": false
            }
          ],
          "suites": [],
          "passes": [
            "5cda89ff-0845-4345-8bd8-beab66c03db0",
            "c9f69f2c-c172-43ef-bf04-329b6d4eae55"
          ],
          "failures": [],
          "pending": [],
          "skipped": [],
          "duration": 529,
          "root": false,
          "rootEmpty": false,
          "_timeout": 2000
        },
        {
          "uuid": "0f883eef-9260-4afa-aafa-65f0b18d386e",
          "title": "4 - Adicione à página um quadro de pixels, com 25 pixels.",
          "fullFile": "",
          "file": "",
          "beforeHooks": [],
          "afterHooks": [],
          "tests": [
            {
              "title": "Verifica se o quadro de pixels possui o `id` denominado `pixel-board`",
              "fullTitle": "4 - Adicione à página um quadro de pixels, com 25 pixels. Verifica se o quadro de pixels possui o `id` denominado `pixel-board`",
              "timedOut": null,
              "duration": 186,
              "state": "passed",
              "speed": "slow",
              "pass": true,
              "fail": false,
              "pending": false,
              "context": null,
              "code": "cy.get('#pixel-board').should('be.visible');",
              "err": {},
              "uuid": "0b4a1283-bc94-4b52-b699-ae71f1b76b29",
              "parentUUID": "0f883eef-9260-4afa-aafa-65f0b18d386e",
              "isHook": false,
              "skipped": false
            },
            {
              "title": "Verifica se cada pixel individual dentro do quadro possui a `classe` denominada `pixel`.",
              "fullTitle": "4 - Adicione à página um quadro de pixels, com 25 pixels. Verifica se cada pixel individual dentro do quadro possui a `classe` denominada `pixel`.",
              "timedOut": null,
              "duration": 164,
              "state": "passed",
              "speed": "slow",
              "pass": true,
              "fail": false,
              "pending": false,
              "context": null,
              "code": "cy.get('.pixel').should('have.length', 25);",
              "err": {},
              "uuid": "e201ee63-7030-42c9-9436-2bb85d940b7c",
              "parentUUID": "0f883eef-9260-4afa-aafa-65f0b18d386e",
              "isHook": false,
              "skipped": false
            },
            {
              "title": "Verifica se a cor inicial dos pixels dentro do quadro, ao abrir a página, é branca.",
              "fullTitle": "4 - Adicione à página um quadro de pixels, com 25 pixels. Verifica se a cor inicial dos pixels dentro do quadro, ao abrir a página, é branca.",
              "timedOut": null,
              "duration": 481,
              "state": "passed",
              "speed": "slow",
              "pass": true,
              "fail": false,
              "pending": false,
              "context": null,
              "code": "cy.get('.pixel').should('have.length', 25).each(function (pixel) {\n  expect(pixel).to.have.css('background-color', WHITE);\n});",
              "err": {},
              "uuid": "c5d36602-a0d9-4f33-98b2-2339349f3b63",
              "parentUUID": "0f883eef-9260-4afa-aafa-65f0b18d386e",
              "isHook": false,
              "skipped": false
            },
            {
              "title": "Verifica se o quadro de pixels aparece abaixo da paleta de cores",
              "fullTitle": "4 - Adicione à página um quadro de pixels, com 25 pixels. Verifica se o quadro de pixels aparece abaixo da paleta de cores",
              "timedOut": null,
              "duration": 195,
              "state": "passed",
              "speed": "slow",
              "pass": true,
              "fail": false,
              "pending": false,
              "context": null,
              "code": "cy.get('#color-palette').then(function (palette) {\n  cy.get('#pixel-board').should('be.belowOf', palette);\n});",
              "err": {},
              "uuid": "bca5b51d-f4c3-4ee0-85ce-47237b346a28",
              "parentUUID": "0f883eef-9260-4afa-aafa-65f0b18d386e",
              "isHook": false,
              "skipped": false
            }
          ],
          "suites": [],
          "passes": [
            "0b4a1283-bc94-4b52-b699-ae71f1b76b29",
            "e201ee63-7030-42c9-9436-2bb85d940b7c",
            "c5d36602-a0d9-4f33-98b2-2339349f3b63",
            "bca5b51d-f4c3-4ee0-85ce-47237b346a28"
          ],
          "failures": [],
          "pending": [],
          "skipped": [],
          "duration": 1026,
          "root": false,
          "rootEmpty": false,
          "_timeout": 2000
        },
        {
          "uuid": "0032f553-f843-4128-bb17-559d7128ea14",
          "title": "5 - Faça com que cada elemento do quadro de pixels possua 40 pixels de largura, 40 pixels de altura e seja delimitado por uma borda preta de 1 pixel.",
          "fullFile": "",
          "file": "",
          "beforeHooks": [],
          "afterHooks": [],
          "tests": [
            {
              "title": "Verifica se o quadro de pixels tem altura e comprimento de 5 elementos",
              "fullTitle": "5 - Faça com que cada elemento do quadro de pixels possua 40 pixels de largura, 40 pixels de altura e seja delimitado por uma borda preta de 1 pixel. Verifica se o quadro de pixels tem altura e comprimento de 5 elementos",
              "timedOut": null,
              "duration": 543,
              "state": "passed",
              "speed": "slow",
              "pass": true,
              "fail": false,
              "pending": false,
              "context": null,
              "code": "cy.get('.pixel').should('have.length', 25).each(function (pixel) {\n  expect(pixel).to.have.css('background-color', WHITE);\n}).and(function (pixels) {\n  var rows = chunk(pixels, 5);\n  rows.forEach(function (row) {\n    for (var index = 1; index < row.length; index += 1) {\n      var current = pixels[index];\n      var previous = pixels[index - 1];\n      cy.wrap(current).should('be.onTheRightOf', previous).and('be.horizontallyAlignedWith', previous);\n    }\n  });\n  for (var index = 1; index < 5; index += 1) {\n    expect(pixels[index * 5]).to.be.belowOf(pixels[(index - 1) * 5]);\n  }\n});",
              "err": {},
              "uuid": "1550032d-edb7-4121-beb8-d1db9b970a71",
              "parentUUID": "0032f553-f843-4128-bb17-559d7128ea14",
              "isHook": false,
              "skipped": false
            },
            {
              "title": "Verifica se 40 pixels é o tamanho total do elemento, incluindo seu conteúdo e excluindo a borda preta, que deve ser criada à parte.",
              "fullTitle": "5 - Faça com que cada elemento do quadro de pixels possua 40 pixels de largura, 40 pixels de altura e seja delimitado por uma borda preta de 1 pixel. Verifica se 40 pixels é o tamanho total do elemento, incluindo seu conteúdo e excluindo a borda preta, que deve ser criada à parte.",
              "timedOut": null,
              "duration": 441,
              "state": "passed",
              "speed": "slow",
              "pass": true,
              "fail": false,
              "pending": false,
              "context": null,
              "code": "cy.get('.pixel').each(function (pixel) {\n  cy.wrap(pixel).should('have.css', 'height', '40px').and('have.css', 'width', '40px').and('have.css', 'border', \"1px solid \".concat(BLACK));\n});",
              "err": {},
              "uuid": "ba629493-50a0-4e04-9a29-bd34f039b9e9",
              "parentUUID": "0032f553-f843-4128-bb17-559d7128ea14",
              "isHook": false,
              "skipped": false
            }
          ],
          "suites": [],
          "passes": [
            "1550032d-edb7-4121-beb8-d1db9b970a71",
            "ba629493-50a0-4e04-9a29-bd34f039b9e9"
          ],
          "failures": [],
          "pending": [],
          "skipped": [],
          "duration": 984,
          "root": false,
          "rootEmpty": false,
          "_timeout": 2000
        },
        {
          "uuid": "8254face-4992-4389-850e-819c1c48df16",
          "title": "6 - Defina a cor preta como cor inicial. Ao carregar a página a cor preta já deve estar selecionada para pintar os pixels",
          "fullFile": "",
          "file": "",
          "beforeHooks": [],
          "afterHooks": [],
          "tests": [
            {
              "title": "Verifica se o elemento da cor preta possui, inicialmente, a `classe` `selected`",
              "fullTitle": "6 - Defina a cor preta como cor inicial. Ao carregar a página a cor preta já deve estar selecionada para pintar os pixels Verifica se o elemento da cor preta possui, inicialmente, a `classe` `selected`",
              "timedOut": null,
              "duration": 213,
              "state": "passed",
              "speed": "slow",
              "pass": true,
              "fail": false,
              "pending": false,
              "context": null,
              "code": "cy.get('.selected').first().should('have.css', 'background-color', BLACK);",
              "err": {},
              "uuid": "a494f320-7b8e-45b8-9920-1eb63e2ed918",
              "parentUUID": "8254face-4992-4389-850e-819c1c48df16",
              "isHook": false,
              "skipped": false
            },
            {
              "title": "Verifica se nenhuma outra cor da paleta tem a `classe` `selected`",
              "fullTitle": "6 - Defina a cor preta como cor inicial. Ao carregar a página a cor preta já deve estar selecionada para pintar os pixels Verifica se nenhuma outra cor da paleta tem a `classe` `selected`",
              "timedOut": null,
              "duration": 131,
              "state": "passed",
              "speed": "slow",
              "pass": true,
              "fail": false,
              "pending": false,
              "context": null,
              "code": "cy.get('.color:not(:first-child)').each(function (color) {\n  cy.wrap(color).should('not.have.class', 'selected');\n});",
              "err": {},
              "uuid": "60d73c96-d2a3-4372-a7b9-784fe8635023",
              "parentUUID": "8254face-4992-4389-850e-819c1c48df16",
              "isHook": false,
              "skipped": false
            }
          ],
          "suites": [],
          "passes": [
            "a494f320-7b8e-45b8-9920-1eb63e2ed918",
            "60d73c96-d2a3-4372-a7b9-784fe8635023"
          ],
          "failures": [],
          "pending": [],
          "skipped": [],
          "duration": 344,
          "root": false,
          "rootEmpty": false,
          "_timeout": 2000
        },
        {
          "uuid": "12ae0bd3-a3d8-4a73-a1b2-eed5da87cbec",
          "title": "7 - Clicar em uma das cores da paleta, faz com que ela seja selecionada e utilizada para preencher os pixels no quadro.",
          "fullFile": "",
          "file": "",
          "beforeHooks": [],
          "afterHooks": [],
          "tests": [
            {
              "title": "Verifica se somente uma cor da paleta de cores tem a classe `selected` de cada vez",
              "fullTitle": "7 - Clicar em uma das cores da paleta, faz com que ela seja selecionada e utilizada para preencher os pixels no quadro. Verifica se somente uma cor da paleta de cores tem a classe `selected` de cada vez",
              "timedOut": null,
              "duration": 696,
              "state": "passed",
              "speed": "slow",
              "pass": true,
              "fail": false,
              "pending": false,
              "context": null,
              "code": "cy.get('.color').each(function (selectedColor, selectedColorIndex) {\n  cy.wrap(selectedColor).click();\n  cy.get('.color').each(function (color, colorIndex) {\n    if (colorIndex === selectedColorIndex) {\n      expect(color).to.have[\"class\"]('selected');\n    } else {\n      expect(color).not.to.have[\"class\"]('selected');\n    }\n  });\n});",
              "err": {},
              "uuid": "e0f1d5c0-2271-46fc-bf8a-98fc0cbd6558",
              "parentUUID": "12ae0bd3-a3d8-4a73-a1b2-eed5da87cbec",
              "isHook": false,
              "skipped": false
            },
            {
              "title": "Verifica se os pixels dentro do quadro não têm a classe `selected` quando são clicados",
              "fullTitle": "7 - Clicar em uma das cores da paleta, faz com que ela seja selecionada e utilizada para preencher os pixels no quadro. Verifica se os pixels dentro do quadro não têm a classe `selected` quando são clicados",
              "timedOut": null,
              "duration": 9285,
              "state": "passed",
              "speed": "slow",
              "pass": true,
              "fail": false,
              "pending": false,
              "context": null,
              "code": "cy.get('.color').each(function (color) {\n  var backgroundColor = color.css('background-color');\n  cy.wrap(color).click();\n  cy.get('.pixel').each(function (pixel) {\n    cy.wrap(pixel).click().should('not.have.class', 'selected');\n  });\n});",
              "err": {},
              "uuid": "4fff2017-40fd-461b-bb2b-1032630416dd",
              "parentUUID": "12ae0bd3-a3d8-4a73-a1b2-eed5da87cbec",
              "isHook": false,
              "skipped": false
            }
          ],
          "suites": [],
          "passes": [
            "e0f1d5c0-2271-46fc-bf8a-98fc0cbd6558",
            "4fff2017-40fd-461b-bb2b-1032630416dd"
          ],
          "failures": [],
          "pending": [],
          "skipped": [],
          "duration": 9981,
          "root": false,
          "rootEmpty": false,
          "_timeout": 2000
        },
        {
          "uuid": "ced8805c-0fea-4158-a2d7-754adc09079b",
          "title": "8 - Clicar em um pixel dentro do quadro após selecionar uma cor na paleta, faz com que o pixel seja preenchido com a cor selecionada.",
          "fullFile": "",
          "file": "",
          "beforeHooks": [],
          "afterHooks": [],
          "tests": [
            {
              "title": "Verifica se ao carregar a página deve ser possível pintar os pixels de preto",
              "fullTitle": "8 - Clicar em um pixel dentro do quadro após selecionar uma cor na paleta, faz com que o pixel seja preenchido com a cor selecionada. Verifica se ao carregar a página deve ser possível pintar os pixels de preto",
              "timedOut": null,
              "duration": 2343,
              "state": "passed",
              "speed": "slow",
              "pass": true,
              "fail": false,
              "pending": false,
              "context": null,
              "code": "cy.get('.pixel').each(function (pixel) {\n  cy.wrap(pixel).click().should('have.css', 'background-color', BLACK);\n});",
              "err": {},
              "uuid": "52e2c755-c790-455f-af4f-d0855a874b80",
              "parentUUID": "ced8805c-0fea-4158-a2d7-754adc09079b",
              "isHook": false,
              "skipped": false
            },
            {
              "title": "Verifica se após selecionar uma outra cor na paleta, é possível pintar os pixels com essa cor",
              "fullTitle": "8 - Clicar em um pixel dentro do quadro após selecionar uma cor na paleta, faz com que o pixel seja preenchido com a cor selecionada. Verifica se após selecionar uma outra cor na paleta, é possível pintar os pixels com essa cor",
              "timedOut": null,
              "duration": 8972,
              "state": "passed",
              "speed": "slow",
              "pass": true,
              "fail": false,
              "pending": false,
              "context": null,
              "code": "cy.get('.color').each(function (color) {\n  var backgroundColor = color.css('background-color');\n  cy.wrap(color).click();\n  cy.get('.pixel').each(function (pixel) {\n    cy.wrap(pixel).click().should('have.css', 'background-color', backgroundColor);\n  });\n});",
              "err": {},
              "uuid": "cbad904b-b437-4ab1-9098-49f9909ad8dc",
              "parentUUID": "ced8805c-0fea-4158-a2d7-754adc09079b",
              "isHook": false,
              "skipped": false
            },
            {
              "title": "Verifica se somente o pixel que foi clicado foi preenchido com a cor selecionada, sem influenciar na cor dos demais pixels.",
              "fullTitle": "8 - Clicar em um pixel dentro do quadro após selecionar uma cor na paleta, faz com que o pixel seja preenchido com a cor selecionada. Verifica se somente o pixel que foi clicado foi preenchido com a cor selecionada, sem influenciar na cor dos demais pixels.",
              "timedOut": null,
              "duration": 1577,
              "state": "passed",
              "speed": "slow",
              "pass": true,
              "fail": false,
              "pending": false,
              "context": null,
              "code": "var colorToPixelIndexMap = {\n  0: 6,\n  1: 8,\n  2: 16,\n  3: 18\n};\ncy.get('.color').each(function (color, index) {\n  cy.wrap(color).click();\n  var backgroundColor = color.css('background-color');\n  var clickedPixelIndex = colorToPixelIndexMap[index];\n  cy.get('.pixel').eq(clickedPixelIndex).click();\n  cy.get('.pixel').eq(clickedPixelIndex - 1).should('not.have.css', 'background-color', backgroundColor);\n  cy.get('.pixel').eq(clickedPixelIndex + 1).should('not.have.css', 'background-color', backgroundColor);\n  cy.get('.pixel').eq(clickedPixelIndex - 5).should('not.have.css', 'background-color', backgroundColor);\n  cy.get('.pixel').eq(clickedPixelIndex + 5).should('not.have.css', 'background-color', backgroundColor);\n  cy.get('.pixel').eq(clickedPixelIndex - 6).should('not.have.css', 'background-color', backgroundColor);\n  cy.get('.pixel').eq(clickedPixelIndex - 4).should('not.have.css', 'background-color', backgroundColor);\n  cy.get('.pixel').eq(clickedPixelIndex + 4).should('not.have.css', 'background-color', backgroundColor);\n  cy.get('.pixel').eq(clickedPixelIndex + 6).should('not.have.css', 'background-color', backgroundColor);\n});",
              "err": {},
              "uuid": "b8635bde-f722-40e6-a425-f9895d621825",
              "parentUUID": "ced8805c-0fea-4158-a2d7-754adc09079b",
              "isHook": false,
              "skipped": false
            }
          ],
          "suites": [],
          "passes": [
            "52e2c755-c790-455f-af4f-d0855a874b80",
            "cbad904b-b437-4ab1-9098-49f9909ad8dc",
            "b8635bde-f722-40e6-a425-f9895d621825"
          ],
          "failures": [],
          "pending": [],
          "skipped": [],
          "duration": 12892,
          "root": false,
          "rootEmpty": false,
          "_timeout": 2000
        },
        {
          "uuid": "733b227f-15c2-469b-a9dc-c2f049ae06eb",
          "title": "9 - Crie um botão que, ao ser clicado, limpa o quadro preenchendo a cor de todos seus pixels com branco.",
          "fullFile": "",
          "file": "",
          "beforeHooks": [],
          "afterHooks": [],
          "tests": [
            {
              "title": "Verifica se o botão tem o `id` denominado `clear-board`",
              "fullTitle": "9 - Crie um botão que, ao ser clicado, limpa o quadro preenchendo a cor de todos seus pixels com branco. Verifica se o botão tem o `id` denominado `clear-board`",
              "timedOut": null,
              "duration": 266,
              "state": "passed",
              "speed": "slow",
              "pass": true,
              "fail": false,
              "pending": false,
              "context": null,
              "code": "cy.get('#clear-board').should('be.visible');",
              "err": {},
              "uuid": "e097ef6b-4fe3-4e7b-8bdb-c7b3a65dcf04",
              "parentUUID": "733b227f-15c2-469b-a9dc-c2f049ae06eb",
              "isHook": false,
              "skipped": false
            },
            {
              "title": "Verifica se o botão está posicionado entre a paleta de cores e o quadro de pixels",
              "fullTitle": "9 - Crie um botão que, ao ser clicado, limpa o quadro preenchendo a cor de todos seus pixels com branco. Verifica se o botão está posicionado entre a paleta de cores e o quadro de pixels",
              "timedOut": null,
              "duration": 164,
              "state": "passed",
              "speed": "slow",
              "pass": true,
              "fail": false,
              "pending": false,
              "context": null,
              "code": "cy.get('#color-palette').then(function (palette) {\n  cy.get('#clear-board').should('be.belowOf', palette);\n});\ncy.get('#clear-board').then(function (clearBtn) {\n  cy.get('#pixel-board').should('be.belowOf', clearBtn);\n});",
              "err": {},
              "uuid": "8af10a8b-93f5-449e-8c13-75264150d9df",
              "parentUUID": "733b227f-15c2-469b-a9dc-c2f049ae06eb",
              "isHook": false,
              "skipped": false
            },
            {
              "title": "Verifica se o texto do botão é 'Limpar'",
              "fullTitle": "9 - Crie um botão que, ao ser clicado, limpa o quadro preenchendo a cor de todos seus pixels com branco. Verifica se o texto do botão é 'Limpar'",
              "timedOut": null,
              "duration": 134,
              "state": "passed",
              "speed": "slow",
              "pass": true,
              "fail": false,
              "pending": false,
              "context": null,
              "code": "cy.get('#clear-board').should('contain.text', 'Limpar');",
              "err": {},
              "uuid": "46f84539-063e-48aa-82a0-f1e1b6e0060c",
              "parentUUID": "733b227f-15c2-469b-a9dc-c2f049ae06eb",
              "isHook": false,
              "skipped": false
            },
            {
              "title": "Verifica se ao clicar no botão, o quadro de pixels é totalmente preenchido de branco",
              "fullTitle": "9 - Crie um botão que, ao ser clicado, limpa o quadro preenchendo a cor de todos seus pixels com branco. Verifica se ao clicar no botão, o quadro de pixels é totalmente preenchido de branco",
              "timedOut": null,
              "duration": 6685,
              "state": "failed",
              "speed": null,
              "pass": false,
              "fail": true,
              "pending": false,
              "context": null,
              "code": "cy.get('.color').eq(1).then(function (color) {\n  var backgroundColor = color.css('background-color');\n  cy.wrap(color).click();\n  cy.get('.pixel').each(function (pixel) {\n    cy.wrap(pixel).click().should('have.css', 'background-color', backgroundColor);\n  });\n});\ncy.get('#clear-board').click();\ncy.get('.pixel').each(function (pixel) {\n  cy.wrap(pixel).should('have.css', 'background-color', WHITE);\n});",
              "err": {
                "message": "CypressError: Timed out retrying: expected '<div.pixel.one>' to have CSS property 'background-color' with the value 'rgb(255, 255, 255)', but the value was 'rgb(255, 0, 0)'",
                "estack": "CypressError: Timed out retrying: expected '<div.pixel.one>' to have CSS property 'background-color' with the value 'rgb(255, 255, 255)', but the value was 'rgb(255, 0, 0)'\n    at cypressErr (http://localhost:43017/__cypress/runner/cypress_runner.js:149934:9)\n    at throwErr (http://localhost:43017/__cypress/runner/cypress_runner.js:149867:11)\n    at Object.throwErrByPath (http://localhost:43017/__cypress/runner/cypress_runner.js:149915:3)\n    at retry (http://localhost:43017/__cypress/runner/cypress_runner.js:144197:19)\n    at onFailFn (http://localhost:43017/__cypress/runner/cypress_runner.js:132448:16)\n    at tryCatcher (http://localhost:43017/__cypress/runner/cypress_runner.js:167415:23)\n    at Promise._settlePromiseFromHandler (http://localhost:43017/__cypress/runner/cypress_runner.js:165351:31)\n    at Promise._settlePromise (http://localhost:43017/__cypress/runner/cypress_runner.js:165408:18)\n    at Promise._settlePromise0 (http://localhost:43017/__cypress/runner/cypress_runner.js:165453:10)\n    at Promise._settlePromises (http://localhost:43017/__cypress/runner/cypress_runner.js:165528:18)\n    at Async../node_modules/bluebird/js/release/async.js.Async._drainQueue (http://localhost:43017/__cypress/runner/cypress_runner.js:162140:16)\n    at Async../node_modules/bluebird/js/release/async.js.Async._drainQueues (http://localhost:43017/__cypress/runner/cypress_runner.js:162150:10)\n    at Async.drainQueues (http://localhost:43017/__cypress/runner/cypress_runner.js:162024:14)",
                "diff": null
              },
              "uuid": "cd23612d-a09a-411d-ad7a-46b621ebd55a",
              "parentUUID": "733b227f-15c2-469b-a9dc-c2f049ae06eb",
              "isHook": false,
              "skipped": false
            }
          ],
          "suites": [],
          "passes": [
            "e097ef6b-4fe3-4e7b-8bdb-c7b3a65dcf04",
            "8af10a8b-93f5-449e-8c13-75264150d9df",
            "46f84539-063e-48aa-82a0-f1e1b6e0060c"
          ],
          "failures": [
            "cd23612d-a09a-411d-ad7a-46b621ebd55a"
          ],
          "pending": [],
          "skipped": [],
          "duration": 7249,
          "root": false,
          "rootEmpty": false,
          "_timeout": 2000
        },
        {
          "uuid": "993fe994-4730-4aa0-add8-69316d0370fc",
          "title": "10 - Faça o quadro de pixels ter seu tamanho definido pelo usuário.",
          "fullFile": "",
          "file": "",
          "beforeHooks": [],
          "afterHooks": [],
          "tests": [
            {
              "title": "Verifica se existe um input com o id `board-size`",
              "fullTitle": "10 - Faça o quadro de pixels ter seu tamanho definido pelo usuário. Verifica se existe um input com o id `board-size`",
              "timedOut": null,
              "duration": 4657,
              "state": "failed",
              "speed": null,
              "pass": false,
              "fail": true,
              "pending": false,
              "context": null,
              "code": "cy.get('#board-size').should('be.visible');",
              "err": {
                "message": "CypressError: Timed out retrying: Expected to find element: '#board-size', but never found it.",
                "estack": "CypressError: Timed out retrying: Expected to find element: '#board-size', but never found it.\n    at cypressErr (http://localhost:43017/__cypress/runner/cypress_runner.js:149934:9)\n    at throwErr (http://localhost:43017/__cypress/runner/cypress_runner.js:149867:11)\n    at Object.throwErrByPath (http://localhost:43017/__cypress/runner/cypress_runner.js:149915:3)\n    at retry (http://localhost:43017/__cypress/runner/cypress_runner.js:144197:19)\n    at onFailFn (http://localhost:43017/__cypress/runner/cypress_runner.js:132448:16)\n    at tryCatcher (http://localhost:43017/__cypress/runner/cypress_runner.js:167415:23)\n    at Promise._settlePromiseFromHandler (http://localhost:43017/__cypress/runner/cypress_runner.js:165351:31)\n    at Promise._settlePromise (http://localhost:43017/__cypress/runner/cypress_runner.js:165408:18)\n    at Promise._settlePromise0 (http://localhost:43017/__cypress/runner/cypress_runner.js:165453:10)\n    at Promise._settlePromises (http://localhost:43017/__cypress/runner/cypress_runner.js:165528:18)\n    at Async../node_modules/bluebird/js/release/async.js.Async._drainQueue (http://localhost:43017/__cypress/runner/cypress_runner.js:162140:16)\n    at Async../node_modules/bluebird/js/release/async.js.Async._drainQueues (http://localhost:43017/__cypress/runner/cypress_runner.js:162150:10)\n    at Async.drainQueues (http://localhost:43017/__cypress/runner/cypress_runner.js:162024:14)",
                "diff": null
              },
              "uuid": "6b46905f-9ff5-4fc3-bac6-63d084029ddf",
              "parentUUID": "993fe994-4730-4aa0-add8-69316d0370fc",
              "isHook": false,
              "skipped": false
            },
            {
              "title": "Verifica se existe um botão com o id `generate-board`",
              "fullTitle": "10 - Faça o quadro de pixels ter seu tamanho definido pelo usuário. Verifica se existe um botão com o id `generate-board`",
              "timedOut": null,
              "duration": 4742,
              "state": "failed",
              "speed": null,
              "pass": false,
              "fail": true,
              "pending": false,
              "context": null,
              "code": "cy.get('#generate-board').should('be.visible');",
              "err": {
                "message": "CypressError: Timed out retrying: Expected to find element: '#generate-board', but never found it.",
                "estack": "CypressError: Timed out retrying: Expected to find element: '#generate-board', but never found it.\n    at cypressErr (http://localhost:43017/__cypress/runner/cypress_runner.js:149934:9)\n    at throwErr (http://localhost:43017/__cypress/runner/cypress_runner.js:149867:11)\n    at Object.throwErrByPath (http://localhost:43017/__cypress/runner/cypress_runner.js:149915:3)\n    at retry (http://localhost:43017/__cypress/runner/cypress_runner.js:144197:19)\n    at onFailFn (http://localhost:43017/__cypress/runner/cypress_runner.js:132448:16)\n    at tryCatcher (http://localhost:43017/__cypress/runner/cypress_runner.js:167415:23)\n    at Promise._settlePromiseFromHandler (http://localhost:43017/__cypress/runner/cypress_runner.js:165351:31)\n    at Promise._settlePromise (http://localhost:43017/__cypress/runner/cypress_runner.js:165408:18)\n    at Promise._settlePromise0 (http://localhost:43017/__cypress/runner/cypress_runner.js:165453:10)\n    at Promise._settlePromises (http://localhost:43017/__cypress/runner/cypress_runner.js:165528:18)\n    at Async../node_modules/bluebird/js/release/async.js.Async._drainQueue (http://localhost:43017/__cypress/runner/cypress_runner.js:162140:16)\n    at Async../node_modules/bluebird/js/release/async.js.Async._drainQueues (http://localhost:43017/__cypress/runner/cypress_runner.js:162150:10)\n    at Async.drainQueues (http://localhost:43017/__cypress/runner/cypress_runner.js:162024:14)",
                "diff": null
              },
              "uuid": "50baca1b-85c2-472b-9444-6a132b6708bb",
              "parentUUID": "993fe994-4730-4aa0-add8-69316d0370fc",
              "isHook": false,
              "skipped": false
            },
            {
              "title": "Verifica se o input só aceita número maiores que zero. Essa restrição deve ser feita usando os atributos do elemento `input`",
              "fullTitle": "10 - Faça o quadro de pixels ter seu tamanho definido pelo usuário. Verifica se o input só aceita número maiores que zero. Essa restrição deve ser feita usando os atributos do elemento `input`",
              "timedOut": null,
              "duration": 4583,
              "state": "failed",
              "speed": null,
              "pass": false,
              "fail": true,
              "pending": false,
              "context": null,
              "code": "cy.get('#board-size[type=\\'number\\'][min=\\'1\\']');",
              "err": {
                "message": "CypressError: Timed out retrying: Expected to find element: '#board-size[type='number'][min='1']', but never found it.",
                "estack": "CypressError: Timed out retrying: Expected to find element: '#board-size[type='number'][min='1']', but never found it.\n    at cypressErr (http://localhost:43017/__cypress/runner/cypress_runner.js:149934:9)\n    at throwErr (http://localhost:43017/__cypress/runner/cypress_runner.js:149867:11)\n    at Object.throwErrByPath (http://localhost:43017/__cypress/runner/cypress_runner.js:149915:3)\n    at retry (http://localhost:43017/__cypress/runner/cypress_runner.js:144197:19)\n    at onFailFn (http://localhost:43017/__cypress/runner/cypress_runner.js:132448:16)\n    at tryCatcher (http://localhost:43017/__cypress/runner/cypress_runner.js:167415:23)\n    at Promise._settlePromiseFromHandler (http://localhost:43017/__cypress/runner/cypress_runner.js:165351:31)\n    at Promise._settlePromise (http://localhost:43017/__cypress/runner/cypress_runner.js:165408:18)\n    at Promise._settlePromise0 (http://localhost:43017/__cypress/runner/cypress_runner.js:165453:10)\n    at Promise._settlePromises (http://localhost:43017/__cypress/runner/cypress_runner.js:165528:18)\n    at Async../node_modules/bluebird/js/release/async.js.Async._drainQueue (http://localhost:43017/__cypress/runner/cypress_runner.js:162140:16)\n    at Async../node_modules/bluebird/js/release/async.js.Async._drainQueues (http://localhost:43017/__cypress/runner/cypress_runner.js:162150:10)\n    at Async.drainQueues (http://localhost:43017/__cypress/runner/cypress_runner.js:162024:14)",
                "diff": null
              },
              "uuid": "9d8bd3e8-9b3e-406b-b0b7-94783c85021f",
              "parentUUID": "993fe994-4730-4aa0-add8-69316d0370fc",
              "isHook": false,
              "skipped": false
            },
            {
              "title": "Verifica se o botão contém o texto 'VQV'",
              "fullTitle": "10 - Faça o quadro de pixels ter seu tamanho definido pelo usuário. Verifica se o botão contém o texto 'VQV'",
              "timedOut": null,
              "duration": 4540,
              "state": "failed",
              "speed": null,
              "pass": false,
              "fail": true,
              "pending": false,
              "context": null,
              "code": "cy.get('#generate-board').contains(/vqv/i);",
              "err": {
                "message": "CypressError: Timed out retrying: Expected to find element: '#generate-board', but never found it.",
                "estack": "CypressError: Timed out retrying: Expected to find element: '#generate-board', but never found it.\n    at cypressErr (http://localhost:43017/__cypress/runner/cypress_runner.js:149934:9)\n    at throwErr (http://localhost:43017/__cypress/runner/cypress_runner.js:149867:11)\n    at Object.throwErrByPath (http://localhost:43017/__cypress/runner/cypress_runner.js:149915:3)\n    at retry (http://localhost:43017/__cypress/runner/cypress_runner.js:144197:19)\n    at onFailFn (http://localhost:43017/__cypress/runner/cypress_runner.js:132448:16)\n    at tryCatcher (http://localhost:43017/__cypress/runner/cypress_runner.js:167415:23)\n    at Promise._settlePromiseFromHandler (http://localhost:43017/__cypress/runner/cypress_runner.js:165351:31)\n    at Promise._settlePromise (http://localhost:43017/__cypress/runner/cypress_runner.js:165408:18)\n    at Promise._settlePromise0 (http://localhost:43017/__cypress/runner/cypress_runner.js:165453:10)\n    at Promise._settlePromises (http://localhost:43017/__cypress/runner/cypress_runner.js:165528:18)\n    at Async../node_modules/bluebird/js/release/async.js.Async._drainQueue (http://localhost:43017/__cypress/runner/cypress_runner.js:162140:16)\n    at Async../node_modules/bluebird/js/release/async.js.Async._drainQueues (http://localhost:43017/__cypress/runner/cypress_runner.js:162150:10)\n    at Async.drainQueues (http://localhost:43017/__cypress/runner/cypress_runner.js:162024:14)",
                "diff": null
              },
              "uuid": "b3ed53b3-ba9c-494a-a777-ba56d9817982",
              "parentUUID": "993fe994-4730-4aa0-add8-69316d0370fc",
              "isHook": false,
              "skipped": false
            },
            {
              "title": "Verifica se o input está posicionado entre a paleta de cores e o quadro de pixels",
              "fullTitle": "10 - Faça o quadro de pixels ter seu tamanho definido pelo usuário. Verifica se o input está posicionado entre a paleta de cores e o quadro de pixels",
              "timedOut": null,
              "duration": 4611,
              "state": "failed",
              "speed": null,
              "pass": false,
              "fail": true,
              "pending": false,
              "context": null,
              "code": "cy.get('#color-palette').then(function (palette) {\n  cy.get('#board-size').should('be.belowOf', palette);\n});\ncy.get('#board-size').then(function (palette) {\n  cy.get('#pixel-board').should('be.belowOf', palette);\n});",
              "err": {
                "message": "CypressError: Timed out retrying: Expected to find element: '#board-size', but never found it.",
                "estack": "CypressError: Timed out retrying: Expected to find element: '#board-size', but never found it.\n    at cypressErr (http://localhost:43017/__cypress/runner/cypress_runner.js:149934:9)\n    at throwErr (http://localhost:43017/__cypress/runner/cypress_runner.js:149867:11)\n    at Object.throwErrByPath (http://localhost:43017/__cypress/runner/cypress_runner.js:149915:3)\n    at retry (http://localhost:43017/__cypress/runner/cypress_runner.js:144197:19)\n    at onFailFn (http://localhost:43017/__cypress/runner/cypress_runner.js:132448:16)\n    at tryCatcher (http://localhost:43017/__cypress/runner/cypress_runner.js:167415:23)\n    at Promise._settlePromiseFromHandler (http://localhost:43017/__cypress/runner/cypress_runner.js:165351:31)\n    at Promise._settlePromise (http://localhost:43017/__cypress/runner/cypress_runner.js:165408:18)\n    at Promise._settlePromise0 (http://localhost:43017/__cypress/runner/cypress_runner.js:165453:10)\n    at Promise._settlePromises (http://localhost:43017/__cypress/runner/cypress_runner.js:165528:18)\n    at Async../node_modules/bluebird/js/release/async.js.Async._drainQueue (http://localhost:43017/__cypress/runner/cypress_runner.js:162140:16)\n    at Async../node_modules/bluebird/js/release/async.js.Async._drainQueues (http://localhost:43017/__cypress/runner/cypress_runner.js:162150:10)\n    at Async.drainQueues (http://localhost:43017/__cypress/runner/cypress_runner.js:162024:14)",
                "diff": null
              },
              "uuid": "7d560457-1391-428f-bf04-a84d3088c0c0",
              "parentUUID": "993fe994-4730-4aa0-add8-69316d0370fc",
              "isHook": false,
              "skipped": false
            },
            {
              "title": "Verifica se o botão está posicionado ao lado do input",
              "fullTitle": "10 - Faça o quadro de pixels ter seu tamanho definido pelo usuário. Verifica se o botão está posicionado ao lado do input",
              "timedOut": null,
              "duration": 4619,
              "state": "failed",
              "speed": null,
              "pass": false,
              "fail": true,
              "pending": false,
              "context": null,
              "code": "cy.get('#board-size').then(function (board) {\n  cy.get('#generate-board').should('be.onTheRightOf', board);\n});",
              "err": {
                "message": "CypressError: Timed out retrying: Expected to find element: '#board-size', but never found it.",
                "estack": "CypressError: Timed out retrying: Expected to find element: '#board-size', but never found it.\n    at cypressErr (http://localhost:43017/__cypress/runner/cypress_runner.js:149934:9)\n    at throwErr (http://localhost:43017/__cypress/runner/cypress_runner.js:149867:11)\n    at Object.throwErrByPath (http://localhost:43017/__cypress/runner/cypress_runner.js:149915:3)\n    at retry (http://localhost:43017/__cypress/runner/cypress_runner.js:144197:19)\n    at onFailFn (http://localhost:43017/__cypress/runner/cypress_runner.js:132448:16)\n    at tryCatcher (http://localhost:43017/__cypress/runner/cypress_runner.js:167415:23)\n    at Promise._settlePromiseFromHandler (http://localhost:43017/__cypress/runner/cypress_runner.js:165351:31)\n    at Promise._settlePromise (http://localhost:43017/__cypress/runner/cypress_runner.js:165408:18)\n    at Promise._settlePromise0 (http://localhost:43017/__cypress/runner/cypress_runner.js:165453:10)\n    at Promise._settlePromises (http://localhost:43017/__cypress/runner/cypress_runner.js:165528:18)\n    at Async../node_modules/bluebird/js/release/async.js.Async._drainQueue (http://localhost:43017/__cypress/runner/cypress_runner.js:162140:16)\n    at Async../node_modules/bluebird/js/release/async.js.Async._drainQueues (http://localhost:43017/__cypress/runner/cypress_runner.js:162150:10)\n    at Async.drainQueues (http://localhost:43017/__cypress/runner/cypress_runner.js:162024:14)",
                "diff": null
              },
              "uuid": "52a84da8-d942-4860-b140-0bd68e75e3a9",
              "parentUUID": "993fe994-4730-4aa0-add8-69316d0370fc",
              "isHook": false,
              "skipped": false
            },
            {
              "title": "Verifica se nenhum valor for colocado no input ao clicar no botão, um `alert` é exibido com o texto: 'Board inválido!'",
              "fullTitle": "10 - Faça o quadro de pixels ter seu tamanho definido pelo usuário. Verifica se nenhum valor for colocado no input ao clicar no botão, um `alert` é exibido com o texto: 'Board inválido!'",
              "timedOut": null,
              "duration": 4626,
              "state": "failed",
              "speed": null,
              "pass": false,
              "fail": true,
              "pending": false,
              "context": null,
              "code": "var alerted = false;\ncy.on('window:alert', function (msg) {\n  return alerted = msg;\n});\ncy.get('#generate-board').click().then(function () {\n  return expect(alerted).to.match(/Board inválido!/i);\n});",
              "err": {
                "message": "CypressError: Timed out retrying: Expected to find element: '#generate-board', but never found it.",
                "estack": "CypressError: Timed out retrying: Expected to find element: '#generate-board', but never found it.\n    at cypressErr (http://localhost:43017/__cypress/runner/cypress_runner.js:149934:9)\n    at throwErr (http://localhost:43017/__cypress/runner/cypress_runner.js:149867:11)\n    at Object.throwErrByPath (http://localhost:43017/__cypress/runner/cypress_runner.js:149915:3)\n    at retry (http://localhost:43017/__cypress/runner/cypress_runner.js:144197:19)\n    at onFailFn (http://localhost:43017/__cypress/runner/cypress_runner.js:132448:16)\n    at tryCatcher (http://localhost:43017/__cypress/runner/cypress_runner.js:167415:23)\n    at Promise._settlePromiseFromHandler (http://localhost:43017/__cypress/runner/cypress_runner.js:165351:31)\n    at Promise._settlePromise (http://localhost:43017/__cypress/runner/cypress_runner.js:165408:18)\n    at Promise._settlePromise0 (http://localhost:43017/__cypress/runner/cypress_runner.js:165453:10)\n    at Promise._settlePromises (http://localhost:43017/__cypress/runner/cypress_runner.js:165528:18)\n    at Async../node_modules/bluebird/js/release/async.js.Async._drainQueue (http://localhost:43017/__cypress/runner/cypress_runner.js:162140:16)\n    at Async../node_modules/bluebird/js/release/async.js.Async._drainQueues (http://localhost:43017/__cypress/runner/cypress_runner.js:162150:10)\n    at Async.drainQueues (http://localhost:43017/__cypress/runner/cypress_runner.js:162024:14)",
                "diff": null
              },
              "uuid": "e478f31c-604e-4903-b3a7-d4aff37581ba",
              "parentUUID": "993fe994-4730-4aa0-add8-69316d0370fc",
              "isHook": false,
              "skipped": false
            },
            {
              "title": "Verifica se ao clicar no botão com um valor preenchido, o tamanho do board muda.",
              "fullTitle": "10 - Faça o quadro de pixels ter seu tamanho definido pelo usuário. Verifica se ao clicar no botão com um valor preenchido, o tamanho do board muda.",
              "timedOut": null,
              "duration": 4671,
              "state": "failed",
              "speed": null,
              "pass": false,
              "fail": true,
              "pending": false,
              "context": null,
              "code": "cy.get('#board-size').clear().type(10);\ncy.get('#generate-board').click();\ncy.get('.pixel').should('have.length', 100);",
              "err": {
                "message": "CypressError: Timed out retrying: Expected to find element: '#board-size', but never found it.",
                "estack": "CypressError: Timed out retrying: Expected to find element: '#board-size', but never found it.\n    at cypressErr (http://localhost:43017/__cypress/runner/cypress_runner.js:149934:9)\n    at throwErr (http://localhost:43017/__cypress/runner/cypress_runner.js:149867:11)\n    at Object.throwErrByPath (http://localhost:43017/__cypress/runner/cypress_runner.js:149915:3)\n    at retry (http://localhost:43017/__cypress/runner/cypress_runner.js:144197:19)\n    at onFailFn (http://localhost:43017/__cypress/runner/cypress_runner.js:132448:16)\n    at tryCatcher (http://localhost:43017/__cypress/runner/cypress_runner.js:167415:23)\n    at Promise._settlePromiseFromHandler (http://localhost:43017/__cypress/runner/cypress_runner.js:165351:31)\n    at Promise._settlePromise (http://localhost:43017/__cypress/runner/cypress_runner.js:165408:18)\n    at Promise._settlePromise0 (http://localhost:43017/__cypress/runner/cypress_runner.js:165453:10)\n    at Promise._settlePromises (http://localhost:43017/__cypress/runner/cypress_runner.js:165528:18)\n    at Async../node_modules/bluebird/js/release/async.js.Async._drainQueue (http://localhost:43017/__cypress/runner/cypress_runner.js:162140:16)\n    at Async../node_modules/bluebird/js/release/async.js.Async._drainQueues (http://localhost:43017/__cypress/runner/cypress_runner.js:162150:10)\n    at Async.drainQueues (http://localhost:43017/__cypress/runner/cypress_runner.js:162024:14)",
                "diff": null
              },
              "uuid": "9141d1a5-ae25-44de-8bab-7acd53e565d2",
              "parentUUID": "993fe994-4730-4aa0-add8-69316d0370fc",
              "isHook": false,
              "skipped": false
            },
            {
              "title": "Verifica se o novo quadro tem todos os pixels preenchidos com a cor branca",
              "fullTitle": "10 - Faça o quadro de pixels ter seu tamanho definido pelo usuário. Verifica se o novo quadro tem todos os pixels preenchidos com a cor branca",
              "timedOut": null,
              "duration": 4664,
              "state": "failed",
              "speed": null,
              "pass": false,
              "fail": true,
              "pending": false,
              "context": null,
              "code": "cy.get('#board-size').clear().type(6);\ncy.get('#generate-board').click();\ncy.get('.pixel').should('have.length', 36).each(function (pixel) {\n  expect(pixel).to.have.css('background-color', WHITE);\n});",
              "err": {
                "message": "CypressError: Timed out retrying: Expected to find element: '#board-size', but never found it.",
                "estack": "CypressError: Timed out retrying: Expected to find element: '#board-size', but never found it.\n    at cypressErr (http://localhost:43017/__cypress/runner/cypress_runner.js:149934:9)\n    at throwErr (http://localhost:43017/__cypress/runner/cypress_runner.js:149867:11)\n    at Object.throwErrByPath (http://localhost:43017/__cypress/runner/cypress_runner.js:149915:3)\n    at retry (http://localhost:43017/__cypress/runner/cypress_runner.js:144197:19)\n    at onFailFn (http://localhost:43017/__cypress/runner/cypress_runner.js:132448:16)\n    at tryCatcher (http://localhost:43017/__cypress/runner/cypress_runner.js:167415:23)\n    at Promise._settlePromiseFromHandler (http://localhost:43017/__cypress/runner/cypress_runner.js:165351:31)\n    at Promise._settlePromise (http://localhost:43017/__cypress/runner/cypress_runner.js:165408:18)\n    at Promise._settlePromise0 (http://localhost:43017/__cypress/runner/cypress_runner.js:165453:10)\n    at Promise._settlePromises (http://localhost:43017/__cypress/runner/cypress_runner.js:165528:18)\n    at Async../node_modules/bluebird/js/release/async.js.Async._drainQueue (http://localhost:43017/__cypress/runner/cypress_runner.js:162140:16)\n    at Async../node_modules/bluebird/js/release/async.js.Async._drainQueues (http://localhost:43017/__cypress/runner/cypress_runner.js:162150:10)\n    at Async.drainQueues (http://localhost:43017/__cypress/runner/cypress_runner.js:162024:14)",
                "diff": null
              },
              "uuid": "ca421821-2318-40f7-ac61-8ed73be876da",
              "parentUUID": "993fe994-4730-4aa0-add8-69316d0370fc",
              "isHook": false,
              "skipped": false
            }
          ],
          "suites": [],
          "passes": [],
          "failures": [
            "6b46905f-9ff5-4fc3-bac6-63d084029ddf",
            "50baca1b-85c2-472b-9444-6a132b6708bb",
            "9d8bd3e8-9b3e-406b-b0b7-94783c85021f",
            "b3ed53b3-ba9c-494a-a777-ba56d9817982",
            "7d560457-1391-428f-bf04-a84d3088c0c0",
            "52a84da8-d942-4860-b140-0bd68e75e3a9",
            "e478f31c-604e-4903-b3a7-d4aff37581ba",
            "9141d1a5-ae25-44de-8bab-7acd53e565d2",
            "ca421821-2318-40f7-ac61-8ed73be876da"
          ],
          "pending": [],
          "skipped": [],
          "duration": 41713,
          "root": false,
          "rootEmpty": false,
          "_timeout": 2000
        },
        {
          "uuid": "f8848d84-e4ce-4958-8c3f-dade96673044",
          "title": "11 - Limite o tamanho mínimo e máximo do board.",
          "fullFile": "",
          "file": "",
          "beforeHooks": [],
          "afterHooks": [],
          "tests": [
            {
              "title": "Verifica se a altura máxima do board é 50",
              "fullTitle": "11 - Limite o tamanho mínimo e máximo do board. Verifica se a altura máxima do board é 50",
              "timedOut": null,
              "duration": 4719,
              "state": "failed",
              "speed": null,
              "pass": false,
              "fail": true,
              "pending": false,
              "context": null,
              "code": "cy.get('#board-size').clear().type(50);\ncy.get('#generate-board').click();\ncy.get('.pixel').should('have.length', 2500);",
              "err": {
                "message": "CypressError: Timed out retrying: Expected to find element: '#board-size', but never found it.",
                "estack": "CypressError: Timed out retrying: Expected to find element: '#board-size', but never found it.\n    at cypressErr (http://localhost:43017/__cypress/runner/cypress_runner.js:149934:9)\n    at throwErr (http://localhost:43017/__cypress/runner/cypress_runner.js:149867:11)\n    at Object.throwErrByPath (http://localhost:43017/__cypress/runner/cypress_runner.js:149915:3)\n    at retry (http://localhost:43017/__cypress/runner/cypress_runner.js:144197:19)\n    at onFailFn (http://localhost:43017/__cypress/runner/cypress_runner.js:132448:16)\n    at tryCatcher (http://localhost:43017/__cypress/runner/cypress_runner.js:167415:23)\n    at Promise._settlePromiseFromHandler (http://localhost:43017/__cypress/runner/cypress_runner.js:165351:31)\n    at Promise._settlePromise (http://localhost:43017/__cypress/runner/cypress_runner.js:165408:18)\n    at Promise._settlePromise0 (http://localhost:43017/__cypress/runner/cypress_runner.js:165453:10)\n    at Promise._settlePromises (http://localhost:43017/__cypress/runner/cypress_runner.js:165528:18)\n    at Async../node_modules/bluebird/js/release/async.js.Async._drainQueue (http://localhost:43017/__cypress/runner/cypress_runner.js:162140:16)\n    at Async../node_modules/bluebird/js/release/async.js.Async._drainQueues (http://localhost:43017/__cypress/runner/cypress_runner.js:162150:10)\n    at Async.drainQueues (http://localhost:43017/__cypress/runner/cypress_runner.js:162024:14)",
                "diff": null
              },
              "uuid": "cfb7a3dc-3954-4fb3-a7b2-74c662d79e27",
              "parentUUID": "f8848d84-e4ce-4958-8c3f-dade96673044",
              "isHook": false,
              "skipped": false
            },
            {
              "title": "Verifica se a altura do board é 5 quando um valor menor é colocado no input",
              "fullTitle": "11 - Limite o tamanho mínimo e máximo do board. Verifica se a altura do board é 5 quando um valor menor é colocado no input",
              "timedOut": null,
              "duration": 4601,
              "state": "failed",
              "speed": null,
              "pass": false,
              "fail": true,
              "pending": false,
              "context": null,
              "code": "cy.get('#board-size').clear().type(4);\ncy.get('#generate-board').click();\ncy.get('.pixel').should('have.length', 25);",
              "err": {
                "message": "CypressError: Timed out retrying: Expected to find element: '#board-size', but never found it.",
                "estack": "CypressError: Timed out retrying: Expected to find element: '#board-size', but never found it.\n    at cypressErr (http://localhost:43017/__cypress/runner/cypress_runner.js:149934:9)\n    at throwErr (http://localhost:43017/__cypress/runner/cypress_runner.js:149867:11)\n    at Object.throwErrByPath (http://localhost:43017/__cypress/runner/cypress_runner.js:149915:3)\n    at retry (http://localhost:43017/__cypress/runner/cypress_runner.js:144197:19)\n    at onFailFn (http://localhost:43017/__cypress/runner/cypress_runner.js:132448:16)\n    at tryCatcher (http://localhost:43017/__cypress/runner/cypress_runner.js:167415:23)\n    at Promise._settlePromiseFromHandler (http://localhost:43017/__cypress/runner/cypress_runner.js:165351:31)\n    at Promise._settlePromise (http://localhost:43017/__cypress/runner/cypress_runner.js:165408:18)\n    at Promise._settlePromise0 (http://localhost:43017/__cypress/runner/cypress_runner.js:165453:10)\n    at Promise._settlePromises (http://localhost:43017/__cypress/runner/cypress_runner.js:165528:18)\n    at Async../node_modules/bluebird/js/release/async.js.Async._drainQueue (http://localhost:43017/__cypress/runner/cypress_runner.js:162140:16)\n    at Async../node_modules/bluebird/js/release/async.js.Async._drainQueues (http://localhost:43017/__cypress/runner/cypress_runner.js:162150:10)\n    at Async.drainQueues (http://localhost:43017/__cypress/runner/cypress_runner.js:162024:14)",
                "diff": null
              },
              "uuid": "a432e16c-a864-4ac3-8e79-c4b14df3f466",
              "parentUUID": "f8848d84-e4ce-4958-8c3f-dade96673044",
              "isHook": false,
              "skipped": false
            },
            {
              "title": "Verifica se a altura do board é 50 quando um valor maior é colocado no input",
              "fullTitle": "11 - Limite o tamanho mínimo e máximo do board. Verifica se a altura do board é 50 quando um valor maior é colocado no input",
              "timedOut": null,
              "duration": 4619,
              "state": "failed",
              "speed": null,
              "pass": false,
              "fail": true,
              "pending": false,
              "context": null,
              "code": "cy.get('#board-size').clear().type(51);\ncy.get('#generate-board').click();\ncy.get('.pixel').should('have.length', 2500);",
              "err": {
                "message": "CypressError: Timed out retrying: Expected to find element: '#board-size', but never found it.",
                "estack": "CypressError: Timed out retrying: Expected to find element: '#board-size', but never found it.\n    at cypressErr (http://localhost:43017/__cypress/runner/cypress_runner.js:149934:9)\n    at throwErr (http://localhost:43017/__cypress/runner/cypress_runner.js:149867:11)\n    at Object.throwErrByPath (http://localhost:43017/__cypress/runner/cypress_runner.js:149915:3)\n    at retry (http://localhost:43017/__cypress/runner/cypress_runner.js:144197:19)\n    at onFailFn (http://localhost:43017/__cypress/runner/cypress_runner.js:132448:16)\n    at tryCatcher (http://localhost:43017/__cypress/runner/cypress_runner.js:167415:23)\n    at Promise._settlePromiseFromHandler (http://localhost:43017/__cypress/runner/cypress_runner.js:165351:31)\n    at Promise._settlePromise (http://localhost:43017/__cypress/runner/cypress_runner.js:165408:18)\n    at Promise._settlePromise0 (http://localhost:43017/__cypress/runner/cypress_runner.js:165453:10)\n    at Promise._settlePromises (http://localhost:43017/__cypress/runner/cypress_runner.js:165528:18)\n    at Async../node_modules/bluebird/js/release/async.js.Async._drainQueue (http://localhost:43017/__cypress/runner/cypress_runner.js:162140:16)\n    at Async../node_modules/bluebird/js/release/async.js.Async._drainQueues (http://localhost:43017/__cypress/runner/cypress_runner.js:162150:10)\n    at Async.drainQueues (http://localhost:43017/__cypress/runner/cypress_runner.js:162024:14)",
                "diff": null
              },
              "uuid": "ffcf5930-2a9d-40d5-810c-0adad8c7e3ab",
              "parentUUID": "f8848d84-e4ce-4958-8c3f-dade96673044",
              "isHook": false,
              "skipped": false
            }
          ],
          "suites": [],
          "passes": [],
          "failures": [
            "cfb7a3dc-3954-4fb3-a7b2-74c662d79e27",
            "a432e16c-a864-4ac3-8e79-c4b14df3f466",
            "ffcf5930-2a9d-40d5-810c-0adad8c7e3ab"
          ],
          "pending": [],
          "skipped": [],
          "duration": 13939,
          "root": false,
          "rootEmpty": false,
          "_timeout": 2000
        },
        {
          "uuid": "4a6b4781-de40-42c8-a803-375c56cdb6c3",
          "title": "12 - Faça com que as cores da paleta sejam geradas aleatoriamente ao carregar a página.",
          "fullFile": "",
          "file": "",
          "beforeHooks": [],
          "afterHooks": [],
          "tests": [
            {
              "title": "Verifica se as cores geradas na paleta são diferentes a cada carregamento da página",
              "fullTitle": "12 - Faça com que as cores da paleta sejam geradas aleatoriamente ao carregar a página. Verifica se as cores geradas na paleta são diferentes a cada carregamento da página",
              "timedOut": null,
              "duration": 921,
              "state": "failed",
              "speed": null,
              "pass": false,
              "fail": true,
              "pending": false,
              "context": null,
              "code": "cy.get('.color').then(function (colors) {\n  var currentColors;\n  var previousColors;\n  previousColors = Array.from(colors).map(function (color) {\n    return Cypress.$(color).css('background-color');\n  });\n  for (var i = 0; i < 5; i += 1) {\n    cy.reload();\n    cy.get('.color').then(function (colors) {\n      currentColors = Array.from(colors).map(function (color) {\n        return Cypress.$(color).css('background-color');\n      });\n      expect(currentColors).not.to.deep.equal(previousColors);\n      previousColors = currentColors;\n    });\n  }\n});",
              "err": {
                "message": "AssertionError: expected [ Array(4) ] to not deeply equal [ Array(4) ]",
                "estack": "AssertionError: expected [ Array(4) ] to not deeply equal [ Array(4) ]\n    at getRet (http://localhost:43017/__cypress/runner/cypress_runner.js:136585:16)\n    at tryCatcher (http://localhost:43017/__cypress/runner/cypress_runner.js:167415:23)\n    at Function.Promise.attempt.Promise.try (http://localhost:43017/__cypress/runner/cypress_runner.js:164690:29)\n    at Context.thenFn (http://localhost:43017/__cypress/runner/cypress_runner.js:136599:23)\n    at Context.then (http://localhost:43017/__cypress/runner/cypress_runner.js:136971:21)\n    at Context.<anonymous> (http://localhost:43017/__cypress/runner/cypress_runner.js:148875:21)\n    at http://localhost:43017/__cypress/runner/cypress_runner.js:148351:33\n    at tryCatcher (http://localhost:43017/__cypress/runner/cypress_runner.js:167415:23)\n    at Promise._settlePromiseFromHandler (http://localhost:43017/__cypress/runner/cypress_runner.js:165351:31)\n    at Promise._settlePromise (http://localhost:43017/__cypress/runner/cypress_runner.js:165408:18)\n    at Promise._settlePromiseCtx (http://localhost:43017/__cypress/runner/cypress_runner.js:165445:10)\n    at Async../node_modules/bluebird/js/release/async.js.Async._drainQueue (http://localhost:43017/__cypress/runner/cypress_runner.js:162145:12)\n    at Async../node_modules/bluebird/js/release/async.js.Async._drainQueues (http://localhost:43017/__cypress/runner/cypress_runner.js:162150:10)\n    at Async.drainQueues (http://localhost:43017/__cypress/runner/cypress_runner.js:162024:14)",
                "diff": ""
              },
              "uuid": "40579d96-64b5-4da7-8574-3150d05b9400",
              "parentUUID": "4a6b4781-de40-42c8-a803-375c56cdb6c3",
              "isHook": false,
              "skipped": false
            },
            {
              "title": "Verifica se a cor preta ainda está presente e é a primeira na sua paleta de cores",
              "fullTitle": "12 - Faça com que as cores da paleta sejam geradas aleatoriamente ao carregar a página. Verifica se a cor preta ainda está presente e é a primeira na sua paleta de cores",
              "timedOut": null,
              "duration": 848,
              "state": "failed",
              "speed": null,
              "pass": false,
              "fail": true,
              "pending": false,
              "context": null,
              "code": "cy.get('.color').then(function (colors) {\n  var currentColors;\n  var previousColors;\n  previousColors = Array.from(colors).map(function (color) {\n    return Cypress.$(color).css('background-color');\n  });\n  expect(previousColors[0]).to.eq(BLACK);\n  for (var i = 0; i < 5; i += 1) {\n    cy.reload();\n    cy.get('.color').then(function (colors) {\n      currentColors = Array.from(colors).map(function (color) {\n        return Cypress.$(color).css('background-color');\n      });\n      expect(currentColors[0]).to.eq(BLACK);\n      expect(currentColors).not.to.deep.equal(previousColors);\n      previousColors = currentColors;\n    });\n  }\n});",
              "err": {
                "message": "AssertionError: expected [ Array(4) ] to not deeply equal [ Array(4) ]",
                "estack": "AssertionError: expected [ Array(4) ] to not deeply equal [ Array(4) ]\n    at getRet (http://localhost:43017/__cypress/runner/cypress_runner.js:136585:16)\n    at tryCatcher (http://localhost:43017/__cypress/runner/cypress_runner.js:167415:23)\n    at Function.Promise.attempt.Promise.try (http://localhost:43017/__cypress/runner/cypress_runner.js:164690:29)\n    at Context.thenFn (http://localhost:43017/__cypress/runner/cypress_runner.js:136599:23)\n    at Context.then (http://localhost:43017/__cypress/runner/cypress_runner.js:136971:21)\n    at Context.<anonymous> (http://localhost:43017/__cypress/runner/cypress_runner.js:148875:21)\n    at http://localhost:43017/__cypress/runner/cypress_runner.js:148351:33\n    at tryCatcher (http://localhost:43017/__cypress/runner/cypress_runner.js:167415:23)\n    at Promise._settlePromiseFromHandler (http://localhost:43017/__cypress/runner/cypress_runner.js:165351:31)\n    at Promise._settlePromise (http://localhost:43017/__cypress/runner/cypress_runner.js:165408:18)\n    at Promise._settlePromiseCtx (http://localhost:43017/__cypress/runner/cypress_runner.js:165445:10)\n    at Async../node_modules/bluebird/js/release/async.js.Async._drainQueue (http://localhost:43017/__cypress/runner/cypress_runner.js:162145:12)\n    at Async../node_modules/bluebird/js/release/async.js.Async._drainQueues (http://localhost:43017/__cypress/runner/cypress_runner.js:162150:10)\n    at Async.drainQueues (http://localhost:43017/__cypress/runner/cypress_runner.js:162024:14)",
                "diff": ""
              },
              "uuid": "c05f8aad-8f6a-4452-bcc5-e57699997c38",
              "parentUUID": "4a6b4781-de40-42c8-a803-375c56cdb6c3",
              "isHook": false,
              "skipped": false
            }
          ],
          "suites": [],
          "passes": [],
          "failures": [
            "40579d96-64b5-4da7-8574-3150d05b9400",
            "c05f8aad-8f6a-4452-bcc5-e57699997c38"
          ],
          "pending": [],
          "skipped": [],
          "duration": 1769,
          "root": false,
          "rootEmpty": false,
          "_timeout": 2000
        }
      ],
      "passes": [],
      "failures": [],
      "pending": [],
      "skipped": [],
      "duration": 0,
      "root": true,
      "rootEmpty": true,
      "_timeout": 2000
    }
  ],
  "meta": {
    "mocha": {
      "version": "7.0.1"
    },
    "mochawesome": {
      "options": {
        "quiet": false,
        "reportFilename": "mochawesome",
        "saveHtml": false,
        "saveJson": true,
        "consoleReporter": "spec",
        "useInlineDiffs": false
      },
      "version": "4.1.0"
    },
    "marge": {
      "options": {
        "id": "default",
        "reportDir": "cypress/reports",
        "overwrite": true,
        "html": false,
        "json": true
      },
      "version": "4.1.0"
    }
  }
}